[debug] > Exec(early(addDefaultCommands), None, None)
[debug] > Exec(addDefaultCommands, None, None)
[debug] > Exec(early(initialize), None, None)
[debug] > Exec(initialize, None, None)
[debug] > Exec(boot, None, None)
[debug] > Exec(writeSbtVersion, None, None)
[warn] No sbt.version set in project/build.properties, base directory: C:\Users\john hinkley\allscala\multiPWork\Pract3
[debug] > Exec(reload, None, None)
[debug] > Exec(sbtStashOnFailure, None, None)
[debug] > Exec(onFailure loadFailed, None, None)
[debug] > Exec(loadp, None, None)
[info] welcome to sbt 1.9.7 (Oracle Corporation Java 20.0.2)
[debug] Load.defaultLoad until apply took 326.0976ms
[debug]     Load.loadUnit: plugins took 763.5282ms
[debug]     Load.loadUnit: defsScala took 8.0583ms
[debug] [Loading] Scanning directory C:\Users\john hinkley\allscala\multiPWork\Pract3
[debug] [Loading] Found non-root projects 
[debug] [Loading] Done in C:\Users\john hinkley\allscala\multiPWork\Pract3, returning: ()
[debug] deducing auto plugins based on known facts Set(Atom(sbt.plugins.CorePlugin)) and clauses Clauses(Clause(Atom(sbt.plugins.JvmPlugin),Set(Atom(sbt.plugins.IvyPlugin)))
[debug] Clause(Atom(sbt.ScriptedPlugin),Set(Atom(sbt.plugins.JvmPlugin)))
[debug] Clause(Atom(sbt.plugins.SbtPlugin),Set(Atom(sbt.ScriptedPlugin)))
[debug] Clause(Atom(sbt.plugins.SemanticdbPlugin),Set(Atom(sbt.plugins.JvmPlugin)))
[debug] Clause(Atom(sbt.plugins.JUnitXmlReportPlugin),Set(Atom(sbt.plugins.JvmPlugin)))
[debug] Clause(Atom(sbt.plugins.MiniDependencyTreePlugin),Set(Atom(sbt.plugins.JvmPlugin)))
[debug] Clause(Atom(sbt.plugins.CorePlugin),Set(Atom(sbt.plugins.IvyPlugin)))
[debug] Clause(Atom(sbt.plugins.IvyPlugin),Set(Atom(sbt.plugins.JvmPlugin)))
[debug] Clause(Atom(sbt.plugins.JvmPlugin),Set(Atom(sbt.plugins.SemanticdbPlugin)))
[debug] Clause(Atom(sbt.plugins.JvmPlugin),Set(Atom(sbt.plugins.JUnitXmlReportPlugin)))
[debug] Clause(Atom(sbt.plugins.CorePlugin),Set(Atom(sbt.plugins.Giter8TemplatePlugin)))
[debug] Clause(Atom(sbt.plugins.JvmPlugin),Set(Atom(sbt.plugins.MiniDependencyTreePlugin))))
[debug]   :: deduced result: Matched(sbt.plugins.CorePlugin,sbt.plugins.Giter8TemplatePlugin,sbt.plugins.IvyPlugin,sbt.plugins.JvmPlugin,sbt.plugins.MiniDependencyTreePlugin,sbt.plugins.JUnitXmlReportPlugin,sbt.plugins.SemanticdbPlugin)
[debug] Plugins.deducer#function took 38.0718 ms
[debug]         Load.resolveProject(pract3) took 193.0466ms
[debug]       Load.loadTransitive: finalizeProject(Project(id pract3, base: C:\Users\john hinkley\allscala\multiPWork\Pract3, plugins: List(<none>))) took 299.7877ms
[debug] [Loading] Done in C:\Users\john hinkley\allscala\multiPWork\Pract3, returning: (pract3)
[debug]     Load.loadUnit: loadedProjectsRaw took 352.5063ms
[debug]     Load.loadUnit: cleanEvalClasses took 0.396ms
[debug]   Load.loadUnit(file:/C:/Users/john%20hinkley/allscala/multiPWork/Pract3/, ...) took 1141.5006ms
[debug] Load.apply: load took 1555.0573ms
[debug] Load.apply: resolveProjects took 12.1678ms
[debug] Load.apply: finalTransforms took 121.23ms
[debug] Load.apply: config.delegates took 14.0426ms
[debug] Load.apply: Def.make(settings)... took 1293.4974ms
[debug] Load.apply: structureIndex took 440.0563ms
[debug] Load.apply: mkStreams took 14.4416ms
[info] set current project to pract3 (in build file:/C:/Users/john%20hinkley/allscala/multiPWork/Pract3/)
[debug] > Exec(sbtPopOnFailure, None, None)
[debug] > Exec(resumeFromFailure, None, None)
[debug] > Exec(notifyUsersAboutShell, None, None)
[debug] > Exec(iflast shell, None, None)
[debug] > Exec(shell, None, None)
[info] sbt server started at local:sbt-server-3bc3f895efdceecf96a3
[debug] Writing bsp connection file
[info] started sbt server
